<?xml version="1.0" encoding="UTF-8"?>
<!-- Generated by org.testng.reporters.JUnitReportReporter -->
<testsuite hostname="Maheshs-Mac-mini.local" failures="0" tests="12" name="com.colt.iosfieldexpert.testcases.LoginPageTest" time="14.074" errors="0" timestamp="2020-11-09T19:27:58 IST" skipped="0">
  <testcase classname="com.colt.iosfieldexpert.testcases.LoginPageTest" name="validateLogoTest" time="0.389"/>
  <system-out/>
  <testcase classname="com.colt.iosfieldexpert.testcases.LoginPageTest" name="userNameLabelTest" time="0.357"/>
  <system-out/>
  <testcase classname="com.colt.iosfieldexpert.testcases.LoginPageTest" name="userIDPlHdTest" time="0.357"/>
  <system-out/>
  <testcase classname="com.colt.iosfieldexpert.testcases.LoginPageTest" name="pwdLabelTest" time="0.347"/>
  <system-out/>
  <testcase classname="com.colt.iosfieldexpert.testcases.LoginPageTest" name="pwPlHdTest" time="0.345"/>
  <system-out/>
  <testcase classname="com.colt.iosfieldexpert.testcases.LoginPageTest" name="hidePwdIconTest" time="0.336"/>
  <system-out/>
  <testcase classname="com.colt.iosfieldexpert.testcases.LoginPageTest" name="rememberMeLabelTest" time="0.349"/>
  <system-out/>
  <testcase classname="com.colt.iosfieldexpert.testcases.LoginPageTest" name="rememberMeUncheckedTest" time="0.345"/>
  <system-out/>
  <testcase classname="com.colt.iosfieldexpert.testcases.LoginPageTest" name="loginLabelTest" time="0.395"/>
  <system-out/>
  <testcase classname="com.colt.iosfieldexpert.testcases.LoginPageTest" name="termsConditionLabelTest" time="0.390"/>
  <system-out/>
  <testcase classname="com.colt.iosfieldexpert.testcases.LoginPageTest" name="signUpLabelTest" time="0.402"/>
  <system-out/>
  <testcase classname="com.colt.iosfieldexpert.testcases.LoginPageTest" name="validCredsLogin" time="10.062"/>
  <system-out/>
</testsuite> <!-- com.colt.iosfieldexpert.testcases.LoginPageTest -->
